<?xml version="1.0" encoding="UTF-8"?>
<!-- Generated by org.testng.reporters.JUnitReportReporter -->
<testsuite skipped="0" hostname="DESKTOP-14MVNNC" name="basic.NewTest" tests="1" failures="0" timestamp="01 Mar 2022 11:06:30 GMT" time="0.007" errors="0">
  <testcase name="f" time="0.007" classname="basic.NewTest"/>
</testsuite> <!-- basic.NewTest -->
